{"meta": {"format": 3, "version": "7.10.0", "timestamp": "2025-07-26T12:08:37.887721", "branch_coverage": false, "show_contexts": false}, "files": {"InternMailer\\src\\email_generator.py": {"executed_lines": [1, 2, 3, 4, 5, 7, 9, 10, 11, 16, 17, 18, 19, 24, 25, 28, 29, 30, 31, 32, 34, 35, 36, 39, 41, 43, 46, 63, 64, 67, 68, 69, 70, 71, 72, 75, 79, 80, 87, 88, 89, 90, 91, 94, 97, 102, 103, 104, 105, 108, 111, 112, 114, 136, 138, 139, 140, 141, 142, 145, 152, 153, 158, 159, 162, 164, 165], "summary": {"covered_lines": 66, "num_statements": 79, "percent_covered": 83.54430379746836, "percent_covered_display": "83.54", "missing_lines": 13, "excluded_lines": 0}, "missing_lines": [20, 21, 22, 37, 76, 95, 154, 155, 156, 160, 166, 168, 170], "excluded_lines": [], "functions": {"generate_with_ollama": {"executed_lines": [10, 11, 16, 17, 18, 19], "summary": {"covered_lines": 6, "num_statements": 9, "percent_covered": 66.66666666666667, "percent_covered_display": "66.67", "missing_lines": 3, "excluded_lines": 0}, "missing_lines": [20, 21, 22], "excluded_lines": []}, "EmailGenerator.__init__": {"executed_lines": [29, 30, 31, 32], "summary": {"covered_lines": 4, "num_statements": 4, "percent_covered": 100.0, "percent_covered_display": "100.00", "missing_lines": 0, "excluded_lines": 0}, "missing_lines": [], "excluded_lines": []}, "EmailGenerator.generate_subject": {"executed_lines": [35, 36, 39], "summary": {"covered_lines": 3, "num_statements": 4, "percent_covered": 75.0, "percent_covered_display": "75.00", "missing_lines": 1, "excluded_lines": 0}, "missing_lines": [37], "excluded_lines": []}, "EmailGenerator.find_relevant_skills_and_projects": {"executed_lines": [43, 46, 63, 64, 67, 68, 69, 70, 71, 72, 75, 79, 80, 87, 88, 89, 90, 91, 94, 97], "summary": {"covered_lines": 20, "num_statements": 22, "percent_covered": 90.9090909090909, "percent_covered_display": "90.91", "missing_lines": 2, "excluded_lines": 0}, "missing_lines": [76, 95], "excluded_lines": []}, "EmailGenerator.build_prompt": {"executed_lines": [103, 104, 105, 108, 111, 112, 114], "summary": {"covered_lines": 7, "num_statements": 7, "percent_covered": 100.0, "percent_covered_display": "100.00", "missing_lines": 0, "excluded_lines": 0}, "missing_lines": [], "excluded_lines": []}, "EmailGenerator.generate_body": {"executed_lines": [138, 139, 140, 141, 142, 145, 152, 153], "summary": {"covered_lines": 8, "num_statements": 11, "percent_covered": 72.72727272727273, "percent_covered_display": "72.73", "missing_lines": 3, "excluded_lines": 0}, "missing_lines": [154, 155, 156], "excluded_lines": []}, "EmailGenerator.generate_with_llm": {"executed_lines": [159, 162, 164, 165], "summary": {"covered_lines": 4, "num_statements": 8, "percent_covered": 50.0, "percent_covered_display": "50.00", "missing_lines": 4, "excluded_lines": 0}, "missing_lines": [160, 166, 168, 170], "excluded_lines": []}, "": {"executed_lines": [1, 2, 3, 4, 5, 7, 9, 24, 25, 28, 34, 41, 102, 136, 158], "summary": {"covered_lines": 14, "num_statements": 14, "percent_covered": 100.0, "percent_covered_display": "100.00", "missing_lines": 0, "excluded_lines": 0}, "missing_lines": [], "excluded_lines": []}}, "classes": {"EmailGenerator": {"executed_lines": [29, 30, 31, 32, 35, 36, 39, 43, 46, 63, 64, 67, 68, 69, 70, 71, 72, 75, 79, 80, 87, 88, 89, 90, 91, 94, 97, 103, 104, 105, 108, 111, 112, 114, 138, 139, 140, 141, 142, 145, 152, 153, 159, 162, 164, 165], "summary": {"covered_lines": 46, "num_statements": 56, "percent_covered": 82.14285714285714, "percent_covered_display": "82.14", "missing_lines": 10, "excluded_lines": 0}, "missing_lines": [37, 76, 95, 154, 155, 156, 160, 166, 168, 170], "excluded_lines": []}, "": {"executed_lines": [1, 2, 3, 4, 5, 7, 9, 10, 11, 16, 17, 18, 19, 24, 25, 28, 34, 41, 102, 136, 158], "summary": {"covered_lines": 20, "num_statements": 23, "percent_covered": 86.95652173913044, "percent_covered_display": "86.96", "missing_lines": 3, "excluded_lines": 0}, "missing_lines": [20, 21, 22], "excluded_lines": []}}}, "src\\advanced_template_engine.py": {"executed_lines": [], "summary": {"covered_lines": 0, "num_statements": 145, "percent_covered": 0.0, "percent_covered_display": "0.00", "missing_lines": 145, "excluded_lines": 9}, "missing_lines": [6, 7, 8, 9, 10, 11, 12, 14, 15, 17, 18, 19, 20, 21, 22, 23, 24, 26, 29, 30, 31, 33, 34, 37, 40, 47, 49, 51, 52, 53, 54, 55, 59, 60, 61, 63, 65, 66, 79, 80, 81, 82, 84, 86, 87, 88, 89, 90, 91, 92, 94, 96, 103, 105, 106, 109, 110, 111, 114, 115, 117, 118, 120, 121, 122, 124, 126, 129, 131, 132, 133, 134, 137, 138, 139, 142, 143, 154, 155, 156, 158, 159, 160, 162, 164, 165, 166, 167, 168, 169, 171, 173, 174, 176, 177, 178, 179, 181, 183, 184, 187, 188, 189, 190, 191, 194, 195, 196, 197, 198, 199, 200, 201, 202, 203, 204, 205, 206, 207, 209, 211, 213, 215, 216, 217, 219, 221, 222, 223, 230, 232, 234, 239, 241, 242, 243, 244, 246, 247, 248, 250, 251, 252, 253, 254], "excluded_lines": [257, 258, 261, 262, 265, 266, 267, 268, 270], "functions": {"AdvancedTemplateEngine.__init__": {"executed_lines": [], "summary": {"covered_lines": 0, "num_statements": 7, "percent_covered": 0.0, "percent_covered_display": "0.00", "missing_lines": 7, "excluded_lines": 0}, "missing_lines": [30, 31, 33, 34, 37, 40, 47], "excluded_lines": []}, "AdvancedTemplateEngine._load_metadata": {"executed_lines": [], "summary": {"covered_lines": 0, "num_statements": 8, "percent_covered": 0.0, "percent_covered_display": "0.00", "missing_lines": 8, "excluded_lines": 0}, "missing_lines": [51, 52, 53, 54, 55, 59, 60, 61], "excluded_lines": []}, "AdvancedTemplateEngine._save_metadata": {"executed_lines": [], "summary": {"covered_lines": 0, "num_statements": 6, "percent_covered": 0.0, "percent_covered_display": "0.00", "missing_lines": 6, "excluded_lines": 0}, "missing_lines": [65, 66, 79, 80, 81, 82], "excluded_lines": []}, "AdvancedTemplateEngine.get_template_variables": {"executed_lines": [], "summary": {"covered_lines": 0, "num_statements": 7, "percent_covered": 0.0, "percent_covered_display": "0.00", "missing_lines": 7, "excluded_lines": 0}, "missing_lines": [86, 87, 88, 89, 90, 91, 92], "excluded_lines": []}, "AdvancedTemplateEngine.validate_template": {"executed_lines": [], "summary": {"covered_lines": 0, "num_statements": 15, "percent_covered": 0.0, "percent_covered_display": "0.00", "missing_lines": 15, "excluded_lines": 0}, "missing_lines": [96, 103, 105, 106, 109, 110, 111, 114, 115, 117, 118, 120, 121, 122, 124], "excluded_lines": []}, "AdvancedTemplateEngine.create_template": {"executed_lines": [], "summary": {"covered_lines": 0, "num_statements": 16, "percent_covered": 0.0, "percent_covered_display": "0.00", "missing_lines": 16, "excluded_lines": 0}, "missing_lines": [129, 131, 132, 133, 134, 137, 138, 139, 142, 143, 154, 155, 156, 158, 159, 160], "excluded_lines": []}, "AdvancedTemplateEngine.render_template": {"executed_lines": [], "summary": {"covered_lines": 0, "num_statements": 6, "percent_covered": 0.0, "percent_covered_display": "0.00", "missing_lines": 6, "excluded_lines": 0}, "missing_lines": [164, 165, 166, 167, 168, 169], "excluded_lines": []}, "AdvancedTemplateEngine.preview_template": {"executed_lines": [], "summary": {"covered_lines": 0, "num_statements": 6, "percent_covered": 0.0, "percent_covered_display": "0.00", "missing_lines": 6, "excluded_lines": 0}, "missing_lines": [173, 174, 176, 177, 178, 179], "excluded_lines": []}, "AdvancedTemplateEngine._get_sample_context": {"executed_lines": [], "summary": {"covered_lines": 0, "num_statements": 23, "percent_covered": 0.0, "percent_covered_display": "0.00", "missing_lines": 23, "excluded_lines": 0}, "missing_lines": [183, 184, 187, 188, 189, 190, 191, 194, 195, 196, 197, 198, 199, 200, 201, 202, 203, 204, 205, 206, 207, 209, 211], "excluded_lines": []}, "AdvancedTemplateEngine._read_template_file": {"executed_lines": [], "summary": {"covered_lines": 0, "num_statements": 3, "percent_covered": 0.0, "percent_covered_display": "0.00", "missing_lines": 3, "excluded_lines": 0}, "missing_lines": [215, 216, 217], "excluded_lines": []}, "AdvancedTemplateEngine.list_templates": {"executed_lines": [], "summary": {"covered_lines": 0, "num_statements": 4, "percent_covered": 0.0, "percent_covered_display": "0.00", "missing_lines": 4, "excluded_lines": 0}, "missing_lines": [221, 222, 223, 230], "excluded_lines": []}, "AdvancedTemplateEngine.get_templates_by_category": {"executed_lines": [], "summary": {"covered_lines": 0, "num_statements": 1, "percent_covered": 0.0, "percent_covered_display": "0.00", "missing_lines": 1, "excluded_lines": 0}, "missing_lines": [234], "excluded_lines": []}, "AdvancedTemplateEngine.delete_template": {"executed_lines": [], "summary": {"covered_lines": 0, "num_statements": 12, "percent_covered": 0.0, "percent_covered_display": "0.00", "missing_lines": 12, "excluded_lines": 0}, "missing_lines": [241, 242, 243, 244, 246, 247, 248, 250, 251, 252, 253, 254], "excluded_lines": []}, "": {"executed_lines": [], "summary": {"covered_lines": 0, "num_statements": 31, "percent_covered": 0.0, "percent_covered_display": "0.00", "missing_lines": 31, "excluded_lines": 9}, "missing_lines": [6, 7, 8, 9, 10, 11, 12, 14, 15, 17, 18, 19, 20, 21, 22, 23, 24, 26, 29, 49, 63, 84, 94, 126, 162, 171, 181, 213, 219, 232, 239], "excluded_lines": [257, 258, 261, 262, 265, 266, 267, 268, 270]}}, "classes": {"TemplateMetadata": {"executed_lines": [], "summary": {"covered_lines": 0, "num_statements": 0, "percent_covered": 100.0, "percent_covered_display": "100.00", "missing_lines": 0, "excluded_lines": 0}, "missing_lines": [], "excluded_lines": []}, "AdvancedTemplateEngine": {"executed_lines": [], "summary": {"covered_lines": 0, "num_statements": 114, "percent_covered": 0.0, "percent_covered_display": "0.00", "missing_lines": 114, "excluded_lines": 0}, "missing_lines": [30, 31, 33, 34, 37, 40, 47, 51, 52, 53, 54, 55, 59, 60, 61, 65, 66, 79, 80, 81, 82, 86, 87, 88, 89, 90, 91, 92, 96, 103, 105, 106, 109, 110, 111, 114, 115, 117, 118, 120, 121, 122, 124, 129, 131, 132, 133, 134, 137, 138, 139, 142, 143, 154, 155, 156, 158, 159, 160, 164, 165, 166, 167, 168, 169, 173, 174, 176, 177, 178, 179, 183, 184, 187, 188, 189, 190, 191, 194, 195, 196, 197, 198, 199, 200, 201, 202, 203, 204, 205, 206, 207, 209, 211, 215, 216, 217, 221, 222, 223, 230, 234, 241, 242, 243, 244, 246, 247, 248, 250, 251, 252, 253, 254], "excluded_lines": []}, "": {"executed_lines": [], "summary": {"covered_lines": 0, "num_statements": 31, "percent_covered": 0.0, "percent_covered_display": "0.00", "missing_lines": 31, "excluded_lines": 9}, "missing_lines": [6, 7, 8, 9, 10, 11, 12, 14, 15, 17, 18, 19, 20, 21, 22, 23, 24, 26, 29, 49, 63, 84, 94, 126, 162, 171, 181, 213, 219, 232, 239], "excluded_lines": [257, 258, 261, 262, 265, 266, 267, 268, 270]}}}, "src\\campaign_demo.py": {"executed_lines": [], "summary": {"covered_lines": 0, "num_statements": 57, "percent_covered": 0.0, "percent_covered_display": "0.00", "missing_lines": 57, "excluded_lines": 2}, "missing_lines": [6, 7, 8, 10, 12, 13, 14, 17, 36, 37, 39, 40, 41, 43, 44, 46, 47, 50, 51, 54, 56, 57, 58, 59, 61, 62, 63, 64, 65, 66, 67, 68, 70, 71, 72, 73, 75, 76, 78, 79, 80, 87, 89, 90, 91, 93, 94, 95, 103, 104, 106, 107, 108, 111, 113, 114, 115], "excluded_lines": [117, 118], "functions": {"main": {"executed_lines": [], "summary": {"covered_lines": 0, "num_statements": 52, "percent_covered": 0.0, "percent_covered_display": "0.00", "missing_lines": 52, "excluded_lines": 0}, "missing_lines": [13, 14, 17, 36, 37, 39, 40, 41, 43, 44, 46, 47, 50, 51, 54, 56, 57, 58, 59, 61, 62, 63, 64, 65, 66, 67, 68, 70, 71, 72, 73, 75, 76, 78, 79, 80, 87, 89, 90, 91, 93, 94, 95, 103, 104, 106, 107, 108, 111, 113, 114, 115], "excluded_lines": []}, "": {"executed_lines": [], "summary": {"covered_lines": 0, "num_statements": 5, "percent_covered": 0.0, "percent_covered_display": "0.00", "missing_lines": 5, "excluded_lines": 2}, "missing_lines": [6, 7, 8, 10, 12], "excluded_lines": [117, 118]}}, "classes": {"": {"executed_lines": [], "summary": {"covered_lines": 0, "num_statements": 57, "percent_covered": 0.0, "percent_covered_display": "0.00", "missing_lines": 57, "excluded_lines": 2}, "missing_lines": [6, 7, 8, 10, 12, 13, 14, 17, 36, 37, 39, 40, 41, 43, 44, 46, 47, 50, 51, 54, 56, 57, 58, 59, 61, 62, 63, 64, 65, 66, 67, 68, 70, 71, 72, 73, 75, 76, 78, 79, 80, 87, 89, 90, 91, 93, 94, 95, 103, 104, 106, 107, 108, 111, 113, 114, 115], "excluded_lines": [117, 118]}}}, "src\\email_campaign_system.py": {"executed_lines": [], "summary": {"covered_lines": 0, "num_statements": 130, "percent_covered": 0.0, "percent_covered_display": "0.00", "missing_lines": 130, "excluded_lines": 8}, "missing_lines": [6, 7, 8, 9, 10, 11, 12, 13, 16, 17, 20, 22, 25, 26, 27, 30, 31, 33, 34, 36, 39, 42, 45, 47, 49, 50, 58, 60, 62, 63, 64, 67, 68, 70, 71, 74, 75, 77, 78, 80, 81, 82, 84, 89, 90, 91, 94, 129, 131, 133, 145, 146, 147, 149, 151, 153, 165, 166, 167, 169, 171, 173, 185, 186, 187, 189, 191, 193, 205, 206, 207, 209, 211, 216, 217, 218, 219, 221, 223, 230, 232, 233, 235, 236, 239, 241, 242, 244, 247, 249, 250, 251, 252, 255, 256, 257, 260, 261, 262, 263, 264, 265, 266, 267, 270, 271, 277, 278, 279, 281, 282, 285, 286, 287, 289, 290, 292, 293, 294, 295, 298, 299, 300, 301, 302, 303, 304, 305, 306, 307], "excluded_lines": [310, 312, 329, 331, 332, 335, 343, 344], "functions": {"EmailCampaignSystem.__init__": {"executed_lines": [], "summary": {"covered_lines": 0, "num_statements": 10, "percent_covered": 0.0, "percent_covered_display": "0.00", "missing_lines": 10, "excluded_lines": 0}, "missing_lines": [26, 27, 30, 31, 33, 34, 36, 39, 42, 45], "excluded_lines": []}, "EmailCampaignSystem.setup_logging": {"executed_lines": [], "summary": {"covered_lines": 0, "num_statements": 3, "percent_covered": 0.0, "percent_covered_display": "0.00", "missing_lines": 3, "excluded_lines": 0}, "missing_lines": [49, 50, 58], "excluded_lines": []}, "EmailCampaignSystem.load_csv_data": {"executed_lines": [], "summary": {"covered_lines": 0, "num_statements": 14, "percent_covered": 0.0, "percent_covered_display": "0.00", "missing_lines": 14, "excluded_lines": 0}, "missing_lines": [62, 63, 64, 67, 68, 70, 71, 74, 75, 77, 78, 80, 81, 82], "excluded_lines": []}, "EmailCampaignSystem.create_personalized_context": {"executed_lines": [], "summary": {"covered_lines": 0, "num_statements": 5, "percent_covered": 0.0, "percent_covered_display": "0.00", "missing_lines": 5, "excluded_lines": 0}, "missing_lines": [89, 90, 91, 94, 129], "excluded_lines": []}, "EmailCampaignSystem.get_specific_research_topic": {"executed_lines": [], "summary": {"covered_lines": 0, "num_statements": 5, "percent_covered": 0.0, "percent_covered_display": "0.00", "missing_lines": 5, "excluded_lines": 0}, "missing_lines": [133, 145, 146, 147, 149], "excluded_lines": []}, "EmailCampaignSystem.get_career_focus": {"executed_lines": [], "summary": {"covered_lines": 0, "num_statements": 5, "percent_covered": 0.0, "percent_covered_display": "0.00", "missing_lines": 5, "excluded_lines": 0}, "missing_lines": [153, 165, 166, 167, 169], "excluded_lines": []}, "EmailCampaignSystem.get_specific_project": {"executed_lines": [], "summary": {"covered_lines": 0, "num_statements": 5, "percent_covered": 0.0, "percent_covered_display": "0.00", "missing_lines": 5, "excluded_lines": 0}, "missing_lines": [173, 185, 186, 187, 189], "excluded_lines": []}, "EmailCampaignSystem.get_specific_interest": {"executed_lines": [], "summary": {"covered_lines": 0, "num_statements": 5, "percent_covered": 0.0, "percent_covered_display": "0.00", "missing_lines": 5, "excluded_lines": 0}, "missing_lines": [193, 205, 206, 207, 209], "excluded_lines": []}, "EmailCampaignSystem.select_best_template": {"executed_lines": [], "summary": {"covered_lines": 0, "num_statements": 5, "percent_covered": 0.0, "percent_covered_display": "0.00", "missing_lines": 5, "excluded_lines": 0}, "missing_lines": [216, 217, 218, 219, 221], "excluded_lines": []}, "EmailCampaignSystem.run_campaign": {"executed_lines": [], "summary": {"covered_lines": 0, "num_statements": 51, "percent_covered": 0.0, "percent_covered_display": "0.00", "missing_lines": 51, "excluded_lines": 0}, "missing_lines": [230, 232, 233, 235, 236, 239, 241, 242, 244, 247, 249, 250, 251, 252, 255, 256, 257, 260, 261, 262, 263, 264, 265, 266, 267, 270, 271, 277, 278, 279, 281, 282, 285, 286, 287, 289, 290, 292, 293, 294, 295, 298, 299, 300, 301, 302, 303, 304, 305, 306, 307], "excluded_lines": []}, "": {"executed_lines": [], "summary": {"covered_lines": 0, "num_statements": 22, "percent_covered": 0.0, "percent_covered_display": "0.00", "missing_lines": 22, "excluded_lines": 8}, "missing_lines": [6, 7, 8, 9, 10, 11, 12, 13, 16, 17, 20, 22, 25, 47, 60, 84, 131, 151, 171, 191, 211, 223], "excluded_lines": [310, 312, 329, 331, 332, 335, 343, 344]}}, "classes": {"EmailCampaignSystem": {"executed_lines": [], "summary": {"covered_lines": 0, "num_statements": 108, "percent_covered": 0.0, "percent_covered_display": "0.00", "missing_lines": 108, "excluded_lines": 0}, "missing_lines": [26, 27, 30, 31, 33, 34, 36, 39, 42, 45, 49, 50, 58, 62, 63, 64, 67, 68, 70, 71, 74, 75, 77, 78, 80, 81, 82, 89, 90, 91, 94, 129, 133, 145, 146, 147, 149, 153, 165, 166, 167, 169, 173, 185, 186, 187, 189, 193, 205, 206, 207, 209, 216, 217, 218, 219, 221, 230, 232, 233, 235, 236, 239, 241, 242, 244, 247, 249, 250, 251, 252, 255, 256, 257, 260, 261, 262, 263, 264, 265, 266, 267, 270, 271, 277, 278, 279, 281, 282, 285, 286, 287, 289, 290, 292, 293, 294, 295, 298, 299, 300, 301, 302, 303, 304, 305, 306, 307], "excluded_lines": []}, "": {"executed_lines": [], "summary": {"covered_lines": 0, "num_statements": 22, "percent_covered": 0.0, "percent_covered_display": "0.00", "missing_lines": 22, "excluded_lines": 8}, "missing_lines": [6, 7, 8, 9, 10, 11, 12, 13, 16, 17, 20, 22, 25, 47, 60, 84, 131, 151, 171, 191, 211, 223], "excluded_lines": [310, 312, 329, 331, 332, 335, 343, 344]}}}, "src\\email_sender.py": {"executed_lines": [1, 2, 3, 5, 6, 8, 9, 10, 11, 13, 14, 15, 16, 17, 18, 19, 21, 22, 23, 24, 25, 26, 27, 28, 31], "summary": {"covered_lines": 24, "num_statements": 24, "percent_covered": 100.0, "percent_covered_display": "100.00", "missing_lines": 0, "excluded_lines": 3}, "missing_lines": [], "excluded_lines": [31, 32, 33], "functions": {"EmailSender.__init__": {"executed_lines": [10, 11], "summary": {"covered_lines": 2, "num_statements": 2, "percent_covered": 100.0, "percent_covered_display": "100.00", "missing_lines": 0, "excluded_lines": 0}, "missing_lines": [], "excluded_lines": []}, "EmailSender.send_email": {"executed_lines": [14, 15, 16, 17, 18, 19, 21, 22, 23, 24, 25, 26, 27, 28], "summary": {"covered_lines": 14, "num_statements": 14, "percent_covered": 100.0, "percent_covered_display": "100.00", "missing_lines": 0, "excluded_lines": 0}, "missing_lines": [], "excluded_lines": []}, "": {"executed_lines": [1, 2, 3, 5, 6, 8, 9, 13, 31], "summary": {"covered_lines": 8, "num_statements": 8, "percent_covered": 100.0, "percent_covered_display": "100.00", "missing_lines": 0, "excluded_lines": 3}, "missing_lines": [], "excluded_lines": [31, 32, 33]}}, "classes": {"EmailSender": {"executed_lines": [10, 11, 14, 15, 16, 17, 18, 19, 21, 22, 23, 24, 25, 26, 27, 28], "summary": {"covered_lines": 16, "num_statements": 16, "percent_covered": 100.0, "percent_covered_display": "100.00", "missing_lines": 0, "excluded_lines": 0}, "missing_lines": [], "excluded_lines": []}, "": {"executed_lines": [1, 2, 3, 5, 6, 8, 9, 13, 31], "summary": {"covered_lines": 8, "num_statements": 8, "percent_covered": 100.0, "percent_covered_display": "100.00", "missing_lines": 0, "excluded_lines": 3}, "missing_lines": [], "excluded_lines": [31, 32, 33]}}}, "src\\template_engine.py": {"executed_lines": [], "summary": {"covered_lines": 0, "num_statements": 10, "percent_covered": 0.0, "percent_covered_display": "0.00", "missing_lines": 10, "excluded_lines": 5}, "missing_lines": [1, 2, 5, 7, 9, 10, 11, 12, 13, 14], "excluded_lines": [17, 18, 23, 24, 25], "functions": {"render_template": {"executed_lines": [], "summary": {"covered_lines": 0, "num_statements": 6, "percent_covered": 0.0, "percent_covered_display": "0.00", "missing_lines": 6, "excluded_lines": 0}, "missing_lines": [9, 10, 11, 12, 13, 14], "excluded_lines": []}, "": {"executed_lines": [], "summary": {"covered_lines": 0, "num_statements": 4, "percent_covered": 0.0, "percent_covered_display": "0.00", "missing_lines": 4, "excluded_lines": 5}, "missing_lines": [1, 2, 5, 7], "excluded_lines": [17, 18, 23, 24, 25]}}, "classes": {"": {"executed_lines": [], "summary": {"covered_lines": 0, "num_statements": 10, "percent_covered": 0.0, "percent_covered_display": "0.00", "missing_lines": 10, "excluded_lines": 5}, "missing_lines": [1, 2, 5, 7, 9, 10, 11, 12, 13, 14], "excluded_lines": [17, 18, 23, 24, 25]}}}, "src\\template_manager.py": {"executed_lines": [], "summary": {"covered_lines": 0, "num_statements": 57, "percent_covered": 0.0, "percent_covered_display": "0.00", "missing_lines": 57, "excluded_lines": 16}, "missing_lines": [6, 7, 8, 10, 13, 14, 16, 18, 37, 38, 39, 41, 42, 43, 46, 47, 53, 54, 55, 57, 59, 65, 67, 69, 116, 117, 118, 120, 122, 124, 126, 127, 128, 129, 130, 131, 132, 134, 135, 136, 138, 140, 142, 144, 145, 147, 148, 149, 150, 151, 153, 154, 155, 156, 157, 158, 160], "excluded_lines": [163, 164, 166, 167, 170, 172, 173, 174, 175, 177, 178, 179, 180, 182, 183, 184], "functions": {"TemplateManager.__init__": {"executed_lines": [], "summary": {"covered_lines": 0, "num_statements": 1, "percent_covered": 0.0, "percent_covered_display": "0.00", "missing_lines": 1, "excluded_lines": 0}, "missing_lines": [14], "excluded_lines": []}, "TemplateManager.setup_default_templates": {"executed_lines": [], "summary": {"covered_lines": 0, "num_statements": 12, "percent_covered": 0.0, "percent_covered_display": "0.00", "missing_lines": 12, "excluded_lines": 0}, "missing_lines": [18, 37, 38, 39, 41, 42, 43, 46, 47, 53, 54, 55], "excluded_lines": []}, "TemplateManager.get_template_for_scenario": {"executed_lines": [], "summary": {"covered_lines": 0, "num_statements": 2, "percent_covered": 0.0, "percent_covered_display": "0.00", "missing_lines": 2, "excluded_lines": 0}, "missing_lines": [59, 65], "excluded_lines": []}, "TemplateManager.create_sample_context": {"executed_lines": [], "summary": {"covered_lines": 0, "num_statements": 5, "percent_covered": 0.0, "percent_covered_display": "0.00", "missing_lines": 5, "excluded_lines": 0}, "missing_lines": [69, 116, 117, 118, 120], "excluded_lines": []}, "TemplateManager.preview_all_templates": {"executed_lines": [], "summary": {"covered_lines": 0, "num_statements": 11, "percent_covered": 0.0, "percent_covered_display": "0.00", "missing_lines": 11, "excluded_lines": 0}, "missing_lines": [124, 126, 127, 128, 129, 130, 131, 132, 134, 135, 136], "excluded_lines": []}, "TemplateManager.generate_email": {"executed_lines": [], "summary": {"covered_lines": 0, "num_statements": 1, "percent_covered": 0.0, "percent_covered_display": "0.00", "missing_lines": 1, "excluded_lines": 0}, "missing_lines": [140], "excluded_lines": []}, "TemplateManager.list_templates_by_category": {"executed_lines": [], "summary": {"covered_lines": 0, "num_statements": 14, "percent_covered": 0.0, "percent_covered_display": "0.00", "missing_lines": 14, "excluded_lines": 0}, "missing_lines": [144, 145, 147, 148, 149, 150, 151, 153, 154, 155, 156, 157, 158, 160], "excluded_lines": []}, "": {"executed_lines": [], "summary": {"covered_lines": 0, "num_statements": 11, "percent_covered": 0.0, "percent_covered_display": "0.00", "missing_lines": 11, "excluded_lines": 16}, "missing_lines": [6, 7, 8, 10, 13, 16, 57, 67, 122, 138, 142], "excluded_lines": [163, 164, 166, 167, 170, 172, 173, 174, 175, 177, 178, 179, 180, 182, 183, 184]}}, "classes": {"TemplateManager": {"executed_lines": [], "summary": {"covered_lines": 0, "num_statements": 46, "percent_covered": 0.0, "percent_covered_display": "0.00", "missing_lines": 46, "excluded_lines": 0}, "missing_lines": [14, 18, 37, 38, 39, 41, 42, 43, 46, 47, 53, 54, 55, 59, 65, 69, 116, 117, 118, 120, 124, 126, 127, 128, 129, 130, 131, 132, 134, 135, 136, 140, 144, 145, 147, 148, 149, 150, 151, 153, 154, 155, 156, 157, 158, 160], "excluded_lines": []}, "": {"executed_lines": [], "summary": {"covered_lines": 0, "num_statements": 11, "percent_covered": 0.0, "percent_covered_display": "0.00", "missing_lines": 11, "excluded_lines": 16}, "missing_lines": [6, 7, 8, 10, 13, 16, 57, 67, 122, 138, 142], "excluded_lines": [163, 164, 166, 167, 170, 172, 173, 174, 175, 177, 178, 179, 180, 182, 183, 184]}}}}, "totals": {"covered_lines": 90, "num_statements": 502, "percent_covered": 17.92828685258964, "percent_covered_display": "17.93", "missing_lines": 412, "excluded_lines": 43}}